<?xml version="1.0" encoding="UTF-8"?>
<!-- Generated by org.testng.reporters.JUnitReportReporter -->
<testsuite skipped="0" hostname="LENOVO-L14-GEN-2" name="com.hrs.test.Homepage" tests="1" failures="0" timestamp="2023-06-26T16:58:39 IST" time="107.381" errors="0">
  <testcase name="verifyhomePage" time="107.381" classname="com.hrs.test.Homepage"/>
  <system-out/>
</testsuite> <!-- com.hrs.test.Homepage -->
